<?xml version="1.0" encoding="UTF-8"?>
<!-- Generated by org.testng.reporters.JUnitReportReporter -->
<testsuite hostname="192.168.1.31" failures="0" tests="1" name="com.OrangeHRM.TSS.Dashboard.AdminTest" time="0.016" errors="0" timestamp="2025-02-28T01:07:25 IST" skipped="0">
  <testcase classname="com.OrangeHRM.TSS.Dashboard.AdminTest" name="getAdminTest" time="0.016"/>
</testsuite> <!-- com.OrangeHRM.TSS.Dashboard.AdminTest -->
