<?xml version="1.0" encoding="UTF-8"?>
<!-- Generated by org.testng.reporters.JUnitReportReporter -->
<testsuite hostname="192.168.1.31" failures="0" tests="1" name="com.OrangeHRM.TSS.Login.LoginTest" time="0.048" errors="0" timestamp="2025-02-28T01:06:59 IST" skipped="0">
  <testcase classname="com.OrangeHRM.TSS.Login.LoginTest" name="getLoginTest" time="0.048"/>
</testsuite> <!-- com.OrangeHRM.TSS.Login.LoginTest -->
